-- Found ament_cmake: 1.3.11 (/opt/ros/humble/share/ament_cmake/cmake)
-- Found rclcpp: 16.0.11 (/opt/ros/humble/share/rclcpp/cmake)
-- Found rosidl_generator_c: 3.1.6 (/opt/ros/humble/share/rosidl_generator_c/cmake)
-- Found rosidl_adapter: 3.1.6 (/opt/ros/humble/share/rosidl_adapter/cmake)
-- Found rosidl_generator_cpp: 3.1.6 (/opt/ros/humble/share/rosidl_generator_cpp/cmake)
-- Using all available rosidl_typesupport_c: rosidl_typesupport_fastrtps_c;rosidl_typesupport_introspection_c
-- Using all available rosidl_typesupport_cpp: rosidl_typesupport_fastrtps_cpp;rosidl_typesupport_introspection_cpp
-- Found rmw_implementation_cmake: 6.1.2 (/opt/ros/humble/share/rmw_implementation_cmake/cmake)
-- Found rmw_fastrtps_cpp: 6.2.7 (/opt/ros/humble/share/rmw_fastrtps_cpp/cmake)
-- Using RMW implementation 'rmw_fastrtps_cpp' as default
-- Found ament_lint_auto: 0.12.11 (/opt/ros/humble/share/ament_lint_auto/cmake)
-- Added test 'cppcheck' to perform static code analysis on C / C++ code
-- Configured cppcheck include dirs: 
-- Configured cppcheck exclude dirs and/or files: 
-- Added test 'lint_cmake' to check CMake code style
-- Added test 'uncrustify' to check C / C++ code style
-- Configured uncrustify additional arguments: 
-- Added test 'xmllint' to check XML markup files
-- Configuring done
-- Generating done
-- Build files have been written to: /home/duel/ros2/build/cpp_pubsub
[35m[1mConsolidate compiler generated dependencies of target talker[0m
[ 25%] [32mBuilding CXX object CMakeFiles/listener.dir/src/subscriber_member_function.cpp.o[0m
[ 75%] Built target talker
[01m[K/home/duel/ros2/src/cpp_pubsub/src/subscriber_member_function.cpp:9:48:[m[K [01;31m[Kerror: [m[Kâ€˜[01m[KSharedPrt[m[Kâ€™ in â€˜[01m[Kclass rclcpp::Subscription<std_msgs::msg::String_<std::allocator<void> > >[m[Kâ€™ does not name a type
    9 |   rclcpp::Subscription<std_msgs::msg::String>::[01;31m[KSharedPrt[m[K subscription_;
      |                                                [01;31m[K^~~~~~~~~[m[K
[01m[K/home/duel/ros2/src/cpp_pubsub/src/subscriber_member_function.cpp:[m[K In constructor â€˜[01m[KMinimalSubscriber::MinimalSubscriber()[m[Kâ€™:
[01m[K/home/duel/ros2/src/cpp_pubsub/src/subscriber_member_function.cpp:13:11:[m[K [01;31m[Kerror: [m[Kâ€˜[01m[Kclass MinimalSubscriber[m[Kâ€™ has no member named â€˜[01m[Ksubscription_[m[Kâ€™
   13 |     this->[01;31m[Ksubscription_[m[K = this->create_subscription<std_msgs::msg::String>("topic", 10, std::bind(&MinimalSubscriber::topic_callback, this, _1));
      |           [01;31m[K^~~~~~~~~~~~~[m[K
[01m[K/home/duel/ros2/src/cpp_pubsub/src/subscriber_member_function.cpp:[m[K At global scope:
[01m[K/home/duel/ros2/src/cpp_pubsub/src/subscriber_member_function.cpp:17:6:[m[K [01;31m[Kerror: [m[Kâ€˜[01m[KMinimalSubcriber[m[Kâ€™ has not been declared
   17 | void [01;31m[KMinimalSubcriber[m[K::topic_callback(const std_msgs::msg::String &msg){
      |      [01;31m[K^~~~~~~~~~~~~~~~[m[K
In file included from [01m[K/opt/ros/humble/include/rclcpp/rclcpp/client.hpp:40[m[K,
                 from [01m[K/opt/ros/humble/include/rclcpp/rclcpp/callback_group.hpp:24[m[K,
                 from [01m[K/opt/ros/humble/include/rclcpp/rclcpp/any_executable.hpp:20[m[K,
                 from [01m[K/opt/ros/humble/include/rclcpp/rclcpp/memory_strategy.hpp:25[m[K,
                 from [01m[K/opt/ros/humble/include/rclcpp/rclcpp/memory_strategies.hpp:18[m[K,
                 from [01m[K/opt/ros/humble/include/rclcpp/rclcpp/executor_options.hpp:20[m[K,
                 from [01m[K/opt/ros/humble/include/rclcpp/rclcpp/executor.hpp:37[m[K,
                 from [01m[K/opt/ros/humble/include/rclcpp/rclcpp/executors/multi_threaded_executor.hpp:25[m[K,
                 from [01m[K/opt/ros/humble/include/rclcpp/rclcpp/executors.hpp:21[m[K,
                 from [01m[K/opt/ros/humble/include/rclcpp/rclcpp/rclcpp.hpp:155[m[K,
                 from [01m[K/home/duel/ros2/src/cpp_pubsub/src/subscriber_member_function.cpp:2[m[K:
[01m[K/home/duel/ros2/src/cpp_pubsub/src/subscriber_member_function.cpp:[m[K In function â€˜[01m[Kvoid topic_callback(const String&)[m[Kâ€™:
[01m[K/home/duel/ros2/src/cpp_pubsub/src/subscriber_member_function.cpp:18:15:[m[K [01;31m[Kerror: [m[Kinvalid use of â€˜[01m[Kthis[m[Kâ€™ in non-member function
   18 |   RCLCPP_INFO([01;31m[Kthis[m[K->get_logger(), "I heard: '%s'", msg.data.c_str());
      |               [01;31m[K^~~~[m[K
[01m[K/home/duel/ros2/src/cpp_pubsub/src/subscriber_member_function.cpp:18:15:[m[K [01;31m[Kerror: [m[Kinvalid use of â€˜[01m[Kthis[m[Kâ€™ in non-member function
[01m[K/home/duel/ros2/src/cpp_pubsub/src/subscriber_member_function.cpp:18:3:[m[K [01;31m[Kerror: [m[Ktemplate argument 1 is invalid
   18 |   [01;31m[KRCLCPP_INFO[m[K(this->get_logger(), "I heard: '%s'", msg.data.c_str());
      |   [01;31m[K^~~~~~~~~~~[m[K
[01m[K/home/duel/ros2/src/cpp_pubsub/src/subscriber_member_function.cpp:18:3:[m[K [01;31m[Kerror: [m[Ktemplate argument 1 is invalid
   18 |   [01;31m[KRCLCPP_INFO[m[K(this->get_logger(), "I heard: '%s'", msg.data.c_str());
      |   [01;31m[K^~~~~~~~~~~[m[K
[01m[K/home/duel/ros2/src/cpp_pubsub/src/subscriber_member_function.cpp:18:3:[m[K [01;31m[Kerror: [m[Ktemplate argument 1 is invalid
   18 |   [01;31m[KRCLCPP_INFO[m[K(this->get_logger(), "I heard: '%s'", msg.data.c_str());
      |   [01;31m[K^~~~~~~~~~~[m[K
In file included from [01m[K/opt/ros/humble/include/rclcpp/rclcpp/logging.hpp:24[m[K,
                 from [01m[K/opt/ros/humble/include/rclcpp/rclcpp/client.hpp:40[m[K,
                 from [01m[K/opt/ros/humble/include/rclcpp/rclcpp/callback_group.hpp:24[m[K,
                 from [01m[K/opt/ros/humble/include/rclcpp/rclcpp/any_executable.hpp:20[m[K,
                 from [01m[K/opt/ros/humble/include/rclcpp/rclcpp/memory_strategy.hpp:25[m[K,
                 from [01m[K/opt/ros/humble/include/rclcpp/rclcpp/memory_strategies.hpp:18[m[K,
                 from [01m[K/opt/ros/humble/include/rclcpp/rclcpp/executor_options.hpp:20[m[K,
                 from [01m[K/opt/ros/humble/include/rclcpp/rclcpp/executor.hpp:37[m[K,
                 from [01m[K/opt/ros/humble/include/rclcpp/rclcpp/executors/multi_threaded_executor.hpp:25[m[K,
                 from [01m[K/opt/ros/humble/include/rclcpp/rclcpp/executors.hpp:21[m[K,
                 from [01m[K/opt/ros/humble/include/rclcpp/rclcpp/rclcpp.hpp:155[m[K,
                 from [01m[K/home/duel/ros2/src/cpp_pubsub/src/subscriber_member_function.cpp:2[m[K:
[01m[K/home/duel/ros2/src/cpp_pubsub/src/subscriber_member_function.cpp:18:15:[m[K [01;31m[Kerror: [m[Kinvalid use of â€˜[01m[Kthis[m[Kâ€™ in non-member function
   18 |   RCLCPP_INFO([01;31m[Kthis[m[K->get_logger(), "I heard: '%s'", msg.data.c_str());
      |               [01;31m[K^~~~[m[K
[01m[K/home/duel/ros2/src/cpp_pubsub/src/subscriber_member_function.cpp:18:15:[m[K [01;31m[Kerror: [m[Kinvalid use of â€˜[01m[Kthis[m[Kâ€™ in non-member function
   18 |   RCLCPP_INFO([01;31m[Kthis[m[K->get_logger(), "I heard: '%s'", msg.data.c_str());
      |               [01;31m[K^~~~[m[K
[01m[K/home/duel/ros2/src/cpp_pubsub/src/subscriber_member_function.cpp:[m[K In function â€˜[01m[Kint main(int, char**)[m[Kâ€™:
[01m[K/home/duel/ros2/src/cpp_pubsub/src/subscriber_member_function.cpp:24:33:[m[K [01;31m[Kerror: [m[Kâ€˜[01m[KMinimalSubcriber[m[Kâ€™ was not declared in this scope; did you mean â€˜[01m[KMinimalSubscriber[m[Kâ€™?
   24 |   rclcpp::spin(std::make_shared<[01;31m[KMinimalSubcriber[m[K>());
      |                                 [01;31m[K^~~~~~~~~~~~~~~~[m[K
      |                                 [32m[KMinimalSubscriber[m[K
[01m[K/home/duel/ros2/src/cpp_pubsub/src/subscriber_member_function.cpp:24:51:[m[K [01;31m[Kerror: [m[Kno matching function for call to â€˜[01m[Kmake_shared<<expression error> >()[m[Kâ€™
   24 |   rclcpp::spin(std::make_shared<MinimalSubcriber>([01;31m[K)[m[K);
      |                                                   [01;31m[K^[m[K
In file included from [01m[K/usr/include/c++/9/memory:81[m[K,
                 from [01m[K/home/duel/ros2/src/cpp_pubsub/src/subscriber_member_function.cpp:1[m[K:
[01m[K/usr/include/c++/9/bits/shared_ptr.h:716:5:[m[K [01;36m[Knote: [m[Kcandidate: â€˜[01m[Ktemplate<class _Tp, class ... _Args> std::shared_ptr<_Tp> std::make_shared(_Args&& ...)[m[Kâ€™
  716 |     [01;36m[Kmake_shared[m[K(_Args&&... __args)
      |     [01;36m[K^~~~~~~~~~~[m[K
[01m[K/usr/include/c++/9/bits/shared_ptr.h:716:5:[m[K [01;36m[Knote: [m[K  template argument deduction/substitution failed:
[01m[K/home/duel/ros2/src/cpp_pubsub/src/subscriber_member_function.cpp:24:51:[m[K [01;31m[Kerror: [m[Ktemplate argument 1 is invalid
   24 |   rclcpp::spin(std::make_shared<MinimalSubcriber>([01;31m[K)[m[K);
      |                                                   [01;31m[K^[m[K
gmake[2]: *** [CMakeFiles/listener.dir/build.make:76: CMakeFiles/listener.dir/src/subscriber_member_function.cpp.o] Error 1
gmake[1]: *** [CMakeFiles/Makefile2:165: CMakeFiles/listener.dir/all] Error 2
gmake: *** [Makefile:146: all] Error 2
