[0.010s] Invoking command in '/home/duel/ros2/build/cpp_pubsub': CMAKE_PREFIX_PATH=${CMAKE_PREFIX_PATH}:/opt/ros/humble /usr/bin/cmake --build /home/duel/ros2/build/cpp_pubsub -- -j12 -l12
[0.032s] -- Found ament_cmake: 1.3.11 (/opt/ros/humble/share/ament_cmake/cmake)
[0.138s] -- Found rclcpp: 16.0.11 (/opt/ros/humble/share/rclcpp/cmake)
[0.162s] -- Found rosidl_generator_c: 3.1.6 (/opt/ros/humble/share/rosidl_generator_c/cmake)
[0.164s] -- Found rosidl_adapter: 3.1.6 (/opt/ros/humble/share/rosidl_adapter/cmake)
[0.169s] -- Found rosidl_generator_cpp: 3.1.6 (/opt/ros/humble/share/rosidl_generator_cpp/cmake)
[0.177s] -- Using all available rosidl_typesupport_c: rosidl_typesupport_fastrtps_c;rosidl_typesupport_introspection_c
[0.187s] -- Using all available rosidl_typesupport_cpp: rosidl_typesupport_fastrtps_cpp;rosidl_typesupport_introspection_cpp
[0.213s] -- Found rmw_implementation_cmake: 6.1.2 (/opt/ros/humble/share/rmw_implementation_cmake/cmake)
[0.214s] -- Found rmw_fastrtps_cpp: 6.2.7 (/opt/ros/humble/share/rmw_fastrtps_cpp/cmake)
[0.309s] -- Using RMW implementation 'rmw_fastrtps_cpp' as default
[0.350s] -- Found ament_lint_auto: 0.12.11 (/opt/ros/humble/share/ament_lint_auto/cmake)
[0.406s] -- Added test 'cppcheck' to perform static code analysis on C / C++ code
[0.407s] -- Configured cppcheck include dirs: 
[0.407s] -- Configured cppcheck exclude dirs and/or files: 
[0.407s] -- Added test 'lint_cmake' to check CMake code style
[0.408s] -- Added test 'uncrustify' to check C / C++ code style
[0.408s] -- Configured uncrustify additional arguments: 
[0.408s] -- Added test 'xmllint' to check XML markup files
[0.409s] -- Configuring done
[0.420s] -- Generating done
[0.424s] -- Build files have been written to: /home/duel/ros2/build/cpp_pubsub
[0.449s] [35m[1mConsolidate compiler generated dependencies of target talker[0m
[0.458s] [ 25%] [32mBuilding CXX object CMakeFiles/listener.dir/src/subscriber_member_function.cpp.o[0m
[0.466s] [ 75%] Built target talker
[2.179s] [01m[K/home/duel/ros2/src/cpp_pubsub/src/subscriber_member_function.cpp:9:48:[m[K [01;31m[Kerror: [m[Kâ€˜[01m[KSharedPrt[m[Kâ€™ in â€˜[01m[Kclass rclcpp::Subscription<std_msgs::msg::String_<std::allocator<void> > >[m[Kâ€™ does not name a type
[2.179s]     9 |   rclcpp::Subscription<std_msgs::msg::String>::[01;31m[KSharedPrt[m[K subscription_;
[2.179s]       |                                                [01;31m[K^~~~~~~~~[m[K
[2.179s] [01m[K/home/duel/ros2/src/cpp_pubsub/src/subscriber_member_function.cpp:[m[K In constructor â€˜[01m[KMinimalSubscriber::MinimalSubscriber()[m[Kâ€™:
[2.179s] [01m[K/home/duel/ros2/src/cpp_pubsub/src/subscriber_member_function.cpp:13:11:[m[K [01;31m[Kerror: [m[Kâ€˜[01m[Kclass MinimalSubscriber[m[Kâ€™ has no member named â€˜[01m[Ksubscription_[m[Kâ€™
[2.179s]    13 |     this->[01;31m[Ksubscription_[m[K = this->create_subscription<std_msgs::msg::String>("topic", 10, std::bind(&MinimalSubscriber::topic_callback, this, _1));
[2.179s]       |           [01;31m[K^~~~~~~~~~~~~[m[K
[2.187s] [01m[K/home/duel/ros2/src/cpp_pubsub/src/subscriber_member_function.cpp:[m[K At global scope:
[2.187s] [01m[K/home/duel/ros2/src/cpp_pubsub/src/subscriber_member_function.cpp:17:6:[m[K [01;31m[Kerror: [m[Kâ€˜[01m[KMinimalSubcriber[m[Kâ€™ has not been declared
[2.187s]    17 | void [01;31m[KMinimalSubcriber[m[K::topic_callback(const std_msgs::msg::String &msg){
[2.188s]       |      [01;31m[K^~~~~~~~~~~~~~~~[m[K
[2.188s] In file included from [01m[K/opt/ros/humble/include/rclcpp/rclcpp/client.hpp:40[m[K,
[2.188s]                  from [01m[K/opt/ros/humble/include/rclcpp/rclcpp/callback_group.hpp:24[m[K,
[2.188s]                  from [01m[K/opt/ros/humble/include/rclcpp/rclcpp/any_executable.hpp:20[m[K,
[2.188s]                  from [01m[K/opt/ros/humble/include/rclcpp/rclcpp/memory_strategy.hpp:25[m[K,
[2.188s]                  from [01m[K/opt/ros/humble/include/rclcpp/rclcpp/memory_strategies.hpp:18[m[K,
[2.188s]                  from [01m[K/opt/ros/humble/include/rclcpp/rclcpp/executor_options.hpp:20[m[K,
[2.188s]                  from [01m[K/opt/ros/humble/include/rclcpp/rclcpp/executor.hpp:37[m[K,
[2.188s]                  from [01m[K/opt/ros/humble/include/rclcpp/rclcpp/executors/multi_threaded_executor.hpp:25[m[K,
[2.188s]                  from [01m[K/opt/ros/humble/include/rclcpp/rclcpp/executors.hpp:21[m[K,
[2.188s]                  from [01m[K/opt/ros/humble/include/rclcpp/rclcpp/rclcpp.hpp:155[m[K,
[2.188s]                  from [01m[K/home/duel/ros2/src/cpp_pubsub/src/subscriber_member_function.cpp:2[m[K:
[2.188s] [01m[K/home/duel/ros2/src/cpp_pubsub/src/subscriber_member_function.cpp:[m[K In function â€˜[01m[Kvoid topic_callback(const String&)[m[Kâ€™:
[2.188s] [01m[K/home/duel/ros2/src/cpp_pubsub/src/subscriber_member_function.cpp:18:15:[m[K [01;31m[Kerror: [m[Kinvalid use of â€˜[01m[Kthis[m[Kâ€™ in non-member function
[2.188s]    18 |   RCLCPP_INFO([01;31m[Kthis[m[K->get_logger(), "I heard: '%s'", msg.data.c_str());
[2.188s]       |               [01;31m[K^~~~[m[K
[2.188s] [01m[K/home/duel/ros2/src/cpp_pubsub/src/subscriber_member_function.cpp:18:15:[m[K [01;31m[Kerror: [m[Kinvalid use of â€˜[01m[Kthis[m[Kâ€™ in non-member function
[2.188s] [01m[K/home/duel/ros2/src/cpp_pubsub/src/subscriber_member_function.cpp:18:3:[m[K [01;31m[Kerror: [m[Ktemplate argument 1 is invalid
[2.188s]    18 |   [01;31m[KRCLCPP_INFO[m[K(this->get_logger(), "I heard: '%s'", msg.data.c_str());
[2.188s]       |   [01;31m[K^~~~~~~~~~~[m[K
[2.189s] [01m[K/home/duel/ros2/src/cpp_pubsub/src/subscriber_member_function.cpp:18:3:[m[K [01;31m[Kerror: [m[Ktemplate argument 1 is invalid
[2.189s]    18 |   [01;31m[KRCLCPP_INFO[m[K(this->get_logger(), "I heard: '%s'", msg.data.c_str());
[2.189s]       |   [01;31m[K^~~~~~~~~~~[m[K
[2.189s] [01m[K/home/duel/ros2/src/cpp_pubsub/src/subscriber_member_function.cpp:18:3:[m[K [01;31m[Kerror: [m[Ktemplate argument 1 is invalid
[2.189s]    18 |   [01;31m[KRCLCPP_INFO[m[K(this->get_logger(), "I heard: '%s'", msg.data.c_str());
[2.189s]       |   [01;31m[K^~~~~~~~~~~[m[K
[2.189s] In file included from [01m[K/opt/ros/humble/include/rclcpp/rclcpp/logging.hpp:24[m[K,
[2.189s]                  from [01m[K/opt/ros/humble/include/rclcpp/rclcpp/client.hpp:40[m[K,
[2.189s]                  from [01m[K/opt/ros/humble/include/rclcpp/rclcpp/callback_group.hpp:24[m[K,
[2.189s]                  from [01m[K/opt/ros/humble/include/rclcpp/rclcpp/any_executable.hpp:20[m[K,
[2.189s]                  from [01m[K/opt/ros/humble/include/rclcpp/rclcpp/memory_strategy.hpp:25[m[K,
[2.189s]                  from [01m[K/opt/ros/humble/include/rclcpp/rclcpp/memory_strategies.hpp:18[m[K,
[2.189s]                  from [01m[K/opt/ros/humble/include/rclcpp/rclcpp/executor_options.hpp:20[m[K,
[2.189s]                  from [01m[K/opt/ros/humble/include/rclcpp/rclcpp/executor.hpp:37[m[K,
[2.189s]                  from [01m[K/opt/ros/humble/include/rclcpp/rclcpp/executors/multi_threaded_executor.hpp:25[m[K,
[2.189s]                  from [01m[K/opt/ros/humble/include/rclcpp/rclcpp/executors.hpp:21[m[K,
[2.189s]                  from [01m[K/opt/ros/humble/include/rclcpp/rclcpp/rclcpp.hpp:155[m[K,
[2.189s]                  from [01m[K/home/duel/ros2/src/cpp_pubsub/src/subscriber_member_function.cpp:2[m[K:
[2.189s] [01m[K/home/duel/ros2/src/cpp_pubsub/src/subscriber_member_function.cpp:18:15:[m[K [01;31m[Kerror: [m[Kinvalid use of â€˜[01m[Kthis[m[Kâ€™ in non-member function
[2.189s]    18 |   RCLCPP_INFO([01;31m[Kthis[m[K->get_logger(), "I heard: '%s'", msg.data.c_str());
[2.189s]       |               [01;31m[K^~~~[m[K
[2.189s] [01m[K/home/duel/ros2/src/cpp_pubsub/src/subscriber_member_function.cpp:18:15:[m[K [01;31m[Kerror: [m[Kinvalid use of â€˜[01m[Kthis[m[Kâ€™ in non-member function
[2.189s]    18 |   RCLCPP_INFO([01;31m[Kthis[m[K->get_logger(), "I heard: '%s'", msg.data.c_str());
[2.190s]       |               [01;31m[K^~~~[m[K
[2.190s] [01m[K/home/duel/ros2/src/cpp_pubsub/src/subscriber_member_function.cpp:[m[K In function â€˜[01m[Kint main(int, char**)[m[Kâ€™:
[2.190s] [01m[K/home/duel/ros2/src/cpp_pubsub/src/subscriber_member_function.cpp:24:33:[m[K [01;31m[Kerror: [m[Kâ€˜[01m[KMinimalSubcriber[m[Kâ€™ was not declared in this scope; did you mean â€˜[01m[KMinimalSubscriber[m[Kâ€™?
[2.190s]    24 |   rclcpp::spin(std::make_shared<[01;31m[KMinimalSubcriber[m[K>());
[2.190s]       |                                 [01;31m[K^~~~~~~~~~~~~~~~[m[K
[2.190s]       |                                 [32m[KMinimalSubscriber[m[K
[2.190s] [01m[K/home/duel/ros2/src/cpp_pubsub/src/subscriber_member_function.cpp:24:51:[m[K [01;31m[Kerror: [m[Kno matching function for call to â€˜[01m[Kmake_shared<<expression error> >()[m[Kâ€™
[2.190s]    24 |   rclcpp::spin(std::make_shared<MinimalSubcriber>([01;31m[K)[m[K);
[2.190s]       |                                                   [01;31m[K^[m[K
[2.190s] In file included from [01m[K/usr/include/c++/9/memory:81[m[K,
[2.190s]                  from [01m[K/home/duel/ros2/src/cpp_pubsub/src/subscriber_member_function.cpp:1[m[K:
[2.190s] [01m[K/usr/include/c++/9/bits/shared_ptr.h:716:5:[m[K [01;36m[Knote: [m[Kcandidate: â€˜[01m[Ktemplate<class _Tp, class ... _Args> std::shared_ptr<_Tp> std::make_shared(_Args&& ...)[m[Kâ€™
[2.190s]   716 |     [01;36m[Kmake_shared[m[K(_Args&&... __args)
[2.190s]       |     [01;36m[K^~~~~~~~~~~[m[K
[2.190s] [01m[K/usr/include/c++/9/bits/shared_ptr.h:716:5:[m[K [01;36m[Knote: [m[K  template argument deduction/substitution failed:
[2.190s] [01m[K/home/duel/ros2/src/cpp_pubsub/src/subscriber_member_function.cpp:24:51:[m[K [01;31m[Kerror: [m[Ktemplate argument 1 is invalid
[2.191s]    24 |   rclcpp::spin(std::make_shared<MinimalSubcriber>([01;31m[K)[m[K);
[2.191s]       |                                                   [01;31m[K^[m[K
[3.809s] gmake[2]: *** [CMakeFiles/listener.dir/build.make:76: CMakeFiles/listener.dir/src/subscriber_member_function.cpp.o] Error 1
[3.810s] gmake[1]: *** [CMakeFiles/Makefile2:165: CMakeFiles/listener.dir/all] Error 2
[3.810s] gmake: *** [Makefile:146: all] Error 2
[3.813s] Invoked command in '/home/duel/ros2/build/cpp_pubsub' returned '2': CMAKE_PREFIX_PATH=${CMAKE_PREFIX_PATH}:/opt/ros/humble /usr/bin/cmake --build /home/duel/ros2/build/cpp_pubsub -- -j12 -l12
