[01m[K/home/duel/ros2/src/cpp_pubsub/src/publisher_member_function.cpp:27:2:[m[K [01;31m[Kerror: [m[Kexpected â€˜[01m[K;[m[Kâ€™ after class definition
   27 | }
      |  [01;31m[K^[m[K
      |  [32m[K;[m[K
In file included from [01m[K/opt/ros/humble/include/rclcpp/rclcpp/client.hpp:40[m[K,
                 from [01m[K/opt/ros/humble/include/rclcpp/rclcpp/callback_group.hpp:24[m[K,
                 from [01m[K/opt/ros/humble/include/rclcpp/rclcpp/any_executable.hpp:20[m[K,
                 from [01m[K/opt/ros/humble/include/rclcpp/rclcpp/memory_strategy.hpp:25[m[K,
                 from [01m[K/opt/ros/humble/include/rclcpp/rclcpp/memory_strategies.hpp:18[m[K,
                 from [01m[K/opt/ros/humble/include/rclcpp/rclcpp/executor_options.hpp:20[m[K,
                 from [01m[K/opt/ros/humble/include/rclcpp/rclcpp/executor.hpp:37[m[K,
                 from [01m[K/opt/ros/humble/include/rclcpp/rclcpp/executors/multi_threaded_executor.hpp:25[m[K,
                 from [01m[K/opt/ros/humble/include/rclcpp/rclcpp/executors.hpp:21[m[K,
                 from [01m[K/opt/ros/humble/include/rclcpp/rclcpp/rclcpp.hpp:155[m[K,
                 from [01m[K/home/duel/ros2/src/cpp_pubsub/src/publisher_member_function.cpp:5[m[K:
[01m[K/home/duel/ros2/src/cpp_pubsub/src/publisher_member_function.cpp:[m[K In member function â€˜[01m[Kvoid MinimalPublisher::timer_callback()[m[Kâ€™:
[01m[K/home/duel/ros2/src/cpp_pubsub/src/publisher_member_function.cpp:31:21:[m[K [01;31m[Kerror: [m[Kâ€˜[01m[Kclass MinimalPublisher[m[Kâ€™ has no member named â€˜[01m[Kgetlogger[m[Kâ€™; did you mean â€˜[01m[Kget_logger[m[Kâ€™?
   31 |   RCLCPP_INFO(this->[01;31m[Kgetlogger[m[K(), "Publishing: '%s'", message.data.c_str());
      |                     [01;31m[K^~~~~~~~~[m[K
[01m[K/home/duel/ros2/src/cpp_pubsub/src/publisher_member_function.cpp:31:21:[m[K [01;31m[Kerror: [m[Kâ€˜[01m[Kclass MinimalPublisher[m[Kâ€™ has no member named â€˜[01m[Kgetlogger[m[Kâ€™; did you mean â€˜[01m[Kget_logger[m[Kâ€™?
[01m[K/home/duel/ros2/src/cpp_pubsub/src/publisher_member_function.cpp:31:3:[m[K [01;31m[Kerror: [m[Ktemplate argument 1 is invalid
   31 |   [01;31m[KRCLCPP_INFO[m[K(this->getlogger(), "Publishing: '%s'", message.data.c_str());
      |   [01;31m[K^~~~~~~~~~~[m[K
[01m[K/home/duel/ros2/src/cpp_pubsub/src/publisher_member_function.cpp:31:3:[m[K [01;31m[Kerror: [m[Ktemplate argument 1 is invalid
   31 |   [01;31m[KRCLCPP_INFO[m[K(this->getlogger(), "Publishing: '%s'", message.data.c_str());
      |   [01;31m[K^~~~~~~~~~~[m[K
[01m[K/home/duel/ros2/src/cpp_pubsub/src/publisher_member_function.cpp:31:3:[m[K [01;31m[Kerror: [m[Ktemplate argument 1 is invalid
   31 |   [01;31m[KRCLCPP_INFO[m[K(this->getlogger(), "Publishing: '%s'", message.data.c_str());
      |   [01;31m[K^~~~~~~~~~~[m[K
In file included from [01m[K/opt/ros/humble/include/rclcpp/rclcpp/logging.hpp:24[m[K,
                 from [01m[K/opt/ros/humble/include/rclcpp/rclcpp/client.hpp:40[m[K,
                 from [01m[K/opt/ros/humble/include/rclcpp/rclcpp/callback_group.hpp:24[m[K,
                 from [01m[K/opt/ros/humble/include/rclcpp/rclcpp/any_executable.hpp:20[m[K,
                 from [01m[K/opt/ros/humble/include/rclcpp/rclcpp/memory_strategy.hpp:25[m[K,
                 from [01m[K/opt/ros/humble/include/rclcpp/rclcpp/memory_strategies.hpp:18[m[K,
                 from [01m[K/opt/ros/humble/include/rclcpp/rclcpp/executor_options.hpp:20[m[K,
                 from [01m[K/opt/ros/humble/include/rclcpp/rclcpp/executor.hpp:37[m[K,
                 from [01m[K/opt/ros/humble/include/rclcpp/rclcpp/executors/multi_threaded_executor.hpp:25[m[K,
                 from [01m[K/opt/ros/humble/include/rclcpp/rclcpp/executors.hpp:21[m[K,
                 from [01m[K/opt/ros/humble/include/rclcpp/rclcpp/rclcpp.hpp:155[m[K,
                 from [01m[K/home/duel/ros2/src/cpp_pubsub/src/publisher_member_function.cpp:5[m[K:
[01m[K/home/duel/ros2/src/cpp_pubsub/src/publisher_member_function.cpp:31:21:[m[K [01;31m[Kerror: [m[Kâ€˜[01m[Kclass MinimalPublisher[m[Kâ€™ has no member named â€˜[01m[Kgetlogger[m[Kâ€™; did you mean â€˜[01m[Kget_logger[m[Kâ€™?
   31 |   RCLCPP_INFO(this->[01;31m[Kgetlogger[m[K(), "Publishing: '%s'", message.data.c_str());
      |                     [01;31m[K^~~~~~~~~[m[K
[01m[K/home/duel/ros2/src/cpp_pubsub/src/publisher_member_function.cpp:31:21:[m[K [01;31m[Kerror: [m[Kâ€˜[01m[Kclass MinimalPublisher[m[Kâ€™ has no member named â€˜[01m[Kgetlogger[m[Kâ€™; did you mean â€˜[01m[Kget_logger[m[Kâ€™?
   31 |   RCLCPP_INFO(this->[01;31m[Kgetlogger[m[K(), "Publishing: '%s'", message.data.c_str());
      |                     [01;31m[K^~~~~~~~~[m[K
gmake[2]: *** [CMakeFiles/talker.dir/build.make:76: CMakeFiles/talker.dir/src/publisher_member_function.cpp.o] Error 1
gmake[1]: *** [CMakeFiles/Makefile2:137: CMakeFiles/talker.dir/all] Error 2
gmake: *** [Makefile:146: all] Error 2
