-- Found ament_cmake: 1.3.11 (/opt/ros/humble/share/ament_cmake/cmake)
-- Found rclcpp: 16.0.11 (/opt/ros/humble/share/rclcpp/cmake)
-- Found rosidl_generator_c: 3.1.6 (/opt/ros/humble/share/rosidl_generator_c/cmake)
-- Found rosidl_adapter: 3.1.6 (/opt/ros/humble/share/rosidl_adapter/cmake)
-- Found rosidl_generator_cpp: 3.1.6 (/opt/ros/humble/share/rosidl_generator_cpp/cmake)
-- Using all available rosidl_typesupport_c: rosidl_typesupport_fastrtps_c;rosidl_typesupport_introspection_c
-- Using all available rosidl_typesupport_cpp: rosidl_typesupport_fastrtps_cpp;rosidl_typesupport_introspection_cpp
-- Found rmw_implementation_cmake: 6.1.2 (/opt/ros/humble/share/rmw_implementation_cmake/cmake)
-- Found rmw_fastrtps_cpp: 6.2.7 (/opt/ros/humble/share/rmw_fastrtps_cpp/cmake)
-- Using RMW implementation 'rmw_fastrtps_cpp' as default
-- Found ament_lint_auto: 0.12.11 (/opt/ros/humble/share/ament_lint_auto/cmake)
-- Added test 'cppcheck' to perform static code analysis on C / C++ code
-- Configured cppcheck include dirs: 
-- Configured cppcheck exclude dirs and/or files: 
-- Added test 'lint_cmake' to check CMake code style
-- Added test 'uncrustify' to check C / C++ code style
-- Configured uncrustify additional arguments: 
-- Added test 'xmllint' to check XML markup files
-- Configuring done
-- Generating done
-- Build files have been written to: /home/duel/ros2/build/cpp_pubsub
[ 50%] [32mBuilding CXX object CMakeFiles/talker.dir/src/publisher_member_function.cpp.o[0m
[01m[K/home/duel/ros2/src/cpp_pubsub/src/publisher_member_function.cpp:27:2:[m[K [01;31m[Kerror: [m[Kexpected â€˜[01m[K;[m[Kâ€™ after class definition
   27 | }
      |  [01;31m[K^[m[K
      |  [32m[K;[m[K
In file included from [01m[K/opt/ros/humble/include/rclcpp/rclcpp/client.hpp:40[m[K,
                 from [01m[K/opt/ros/humble/include/rclcpp/rclcpp/callback_group.hpp:24[m[K,
                 from [01m[K/opt/ros/humble/include/rclcpp/rclcpp/any_executable.hpp:20[m[K,
                 from [01m[K/opt/ros/humble/include/rclcpp/rclcpp/memory_strategy.hpp:25[m[K,
                 from [01m[K/opt/ros/humble/include/rclcpp/rclcpp/memory_strategies.hpp:18[m[K,
                 from [01m[K/opt/ros/humble/include/rclcpp/rclcpp/executor_options.hpp:20[m[K,
                 from [01m[K/opt/ros/humble/include/rclcpp/rclcpp/executor.hpp:37[m[K,
                 from [01m[K/opt/ros/humble/include/rclcpp/rclcpp/executors/multi_threaded_executor.hpp:25[m[K,
                 from [01m[K/opt/ros/humble/include/rclcpp/rclcpp/executors.hpp:21[m[K,
                 from [01m[K/opt/ros/humble/include/rclcpp/rclcpp/rclcpp.hpp:155[m[K,
                 from [01m[K/home/duel/ros2/src/cpp_pubsub/src/publisher_member_function.cpp:5[m[K:
[01m[K/home/duel/ros2/src/cpp_pubsub/src/publisher_member_function.cpp:[m[K In member function â€˜[01m[Kvoid MinimalPublisher::timer_callback()[m[Kâ€™:
[01m[K/home/duel/ros2/src/cpp_pubsub/src/publisher_member_function.cpp:31:21:[m[K [01;31m[Kerror: [m[Kâ€˜[01m[Kclass MinimalPublisher[m[Kâ€™ has no member named â€˜[01m[Kgetlogger[m[Kâ€™; did you mean â€˜[01m[Kget_logger[m[Kâ€™?
   31 |   RCLCPP_INFO(this->[01;31m[Kgetlogger[m[K(), "Publishing: '%s'", message.data.c_str());
      |                     [01;31m[K^~~~~~~~~[m[K
[01m[K/home/duel/ros2/src/cpp_pubsub/src/publisher_member_function.cpp:31:21:[m[K [01;31m[Kerror: [m[Kâ€˜[01m[Kclass MinimalPublisher[m[Kâ€™ has no member named â€˜[01m[Kgetlogger[m[Kâ€™; did you mean â€˜[01m[Kget_logger[m[Kâ€™?
[01m[K/home/duel/ros2/src/cpp_pubsub/src/publisher_member_function.cpp:31:3:[m[K [01;31m[Kerror: [m[Ktemplate argument 1 is invalid
   31 |   [01;31m[KRCLCPP_INFO[m[K(this->getlogger(), "Publishing: '%s'", message.data.c_str());
      |   [01;31m[K^~~~~~~~~~~[m[K
[01m[K/home/duel/ros2/src/cpp_pubsub/src/publisher_member_function.cpp:31:3:[m[K [01;31m[Kerror: [m[Ktemplate argument 1 is invalid
   31 |   [01;31m[KRCLCPP_INFO[m[K(this->getlogger(), "Publishing: '%s'", message.data.c_str());
      |   [01;31m[K^~~~~~~~~~~[m[K
[01m[K/home/duel/ros2/src/cpp_pubsub/src/publisher_member_function.cpp:31:3:[m[K [01;31m[Kerror: [m[Ktemplate argument 1 is invalid
   31 |   [01;31m[KRCLCPP_INFO[m[K(this->getlogger(), "Publishing: '%s'", message.data.c_str());
      |   [01;31m[K^~~~~~~~~~~[m[K
In file included from [01m[K/opt/ros/humble/include/rclcpp/rclcpp/logging.hpp:24[m[K,
                 from [01m[K/opt/ros/humble/include/rclcpp/rclcpp/client.hpp:40[m[K,
                 from [01m[K/opt/ros/humble/include/rclcpp/rclcpp/callback_group.hpp:24[m[K,
                 from [01m[K/opt/ros/humble/include/rclcpp/rclcpp/any_executable.hpp:20[m[K,
                 from [01m[K/opt/ros/humble/include/rclcpp/rclcpp/memory_strategy.hpp:25[m[K,
                 from [01m[K/opt/ros/humble/include/rclcpp/rclcpp/memory_strategies.hpp:18[m[K,
                 from [01m[K/opt/ros/humble/include/rclcpp/rclcpp/executor_options.hpp:20[m[K,
                 from [01m[K/opt/ros/humble/include/rclcpp/rclcpp/executor.hpp:37[m[K,
                 from [01m[K/opt/ros/humble/include/rclcpp/rclcpp/executors/multi_threaded_executor.hpp:25[m[K,
                 from [01m[K/opt/ros/humble/include/rclcpp/rclcpp/executors.hpp:21[m[K,
                 from [01m[K/opt/ros/humble/include/rclcpp/rclcpp/rclcpp.hpp:155[m[K,
                 from [01m[K/home/duel/ros2/src/cpp_pubsub/src/publisher_member_function.cpp:5[m[K:
[01m[K/home/duel/ros2/src/cpp_pubsub/src/publisher_member_function.cpp:31:21:[m[K [01;31m[Kerror: [m[Kâ€˜[01m[Kclass MinimalPublisher[m[Kâ€™ has no member named â€˜[01m[Kgetlogger[m[Kâ€™; did you mean â€˜[01m[Kget_logger[m[Kâ€™?
   31 |   RCLCPP_INFO(this->[01;31m[Kgetlogger[m[K(), "Publishing: '%s'", message.data.c_str());
      |                     [01;31m[K^~~~~~~~~[m[K
[01m[K/home/duel/ros2/src/cpp_pubsub/src/publisher_member_function.cpp:31:21:[m[K [01;31m[Kerror: [m[Kâ€˜[01m[Kclass MinimalPublisher[m[Kâ€™ has no member named â€˜[01m[Kgetlogger[m[Kâ€™; did you mean â€˜[01m[Kget_logger[m[Kâ€™?
   31 |   RCLCPP_INFO(this->[01;31m[Kgetlogger[m[K(), "Publishing: '%s'", message.data.c_str());
      |                     [01;31m[K^~~~~~~~~[m[K
gmake[2]: *** [CMakeFiles/talker.dir/build.make:76: CMakeFiles/talker.dir/src/publisher_member_function.cpp.o] Error 1
gmake[1]: *** [CMakeFiles/Makefile2:137: CMakeFiles/talker.dir/all] Error 2
gmake: *** [Makefile:146: all] Error 2
