[0.011s] Invoking command in '/home/duel/ros2/build/cpp_pubsub': CMAKE_PREFIX_PATH=${CMAKE_PREFIX_PATH}:/opt/ros/humble /usr/bin/cmake --build /home/duel/ros2/build/cpp_pubsub -- -j12 -l12
[0.033s] -- Found ament_cmake: 1.3.11 (/opt/ros/humble/share/ament_cmake/cmake)
[0.138s] -- Found rclcpp: 16.0.11 (/opt/ros/humble/share/rclcpp/cmake)
[0.162s] -- Found rosidl_generator_c: 3.1.6 (/opt/ros/humble/share/rosidl_generator_c/cmake)
[0.164s] -- Found rosidl_adapter: 3.1.6 (/opt/ros/humble/share/rosidl_adapter/cmake)
[0.169s] -- Found rosidl_generator_cpp: 3.1.6 (/opt/ros/humble/share/rosidl_generator_cpp/cmake)
[0.177s] -- Using all available rosidl_typesupport_c: rosidl_typesupport_fastrtps_c;rosidl_typesupport_introspection_c
[0.187s] -- Using all available rosidl_typesupport_cpp: rosidl_typesupport_fastrtps_cpp;rosidl_typesupport_introspection_cpp
[0.213s] -- Found rmw_implementation_cmake: 6.1.2 (/opt/ros/humble/share/rmw_implementation_cmake/cmake)
[0.214s] -- Found rmw_fastrtps_cpp: 6.2.7 (/opt/ros/humble/share/rmw_fastrtps_cpp/cmake)
[0.309s] -- Using RMW implementation 'rmw_fastrtps_cpp' as default
[0.349s] -- Found ament_lint_auto: 0.12.11 (/opt/ros/humble/share/ament_lint_auto/cmake)
[0.406s] -- Added test 'cppcheck' to perform static code analysis on C / C++ code
[0.406s] -- Configured cppcheck include dirs: 
[0.406s] -- Configured cppcheck exclude dirs and/or files: 
[0.406s] -- Added test 'lint_cmake' to check CMake code style
[0.407s] -- Added test 'uncrustify' to check C / C++ code style
[0.407s] -- Configured uncrustify additional arguments: 
[0.407s] -- Added test 'xmllint' to check XML markup files
[0.408s] -- Configuring done
[0.416s] -- Generating done
[0.419s] -- Build files have been written to: /home/duel/ros2/build/cpp_pubsub
[0.453s] [ 50%] [32mBuilding CXX object CMakeFiles/talker.dir/src/publisher_member_function.cpp.o[0m
[5.960s] [01m[K/home/duel/ros2/src/cpp_pubsub/src/publisher_member_function.cpp:27:2:[m[K [01;31m[Kerror: [m[Kexpected â€˜[01m[K;[m[Kâ€™ after class definition
[5.960s]    27 | }
[5.960s]       |  [01;31m[K^[m[K
[5.960s]       |  [32m[K;[m[K
[5.969s] In file included from [01m[K/opt/ros/humble/include/rclcpp/rclcpp/client.hpp:40[m[K,
[5.969s]                  from [01m[K/opt/ros/humble/include/rclcpp/rclcpp/callback_group.hpp:24[m[K,
[5.969s]                  from [01m[K/opt/ros/humble/include/rclcpp/rclcpp/any_executable.hpp:20[m[K,
[5.969s]                  from [01m[K/opt/ros/humble/include/rclcpp/rclcpp/memory_strategy.hpp:25[m[K,
[5.969s]                  from [01m[K/opt/ros/humble/include/rclcpp/rclcpp/memory_strategies.hpp:18[m[K,
[5.970s]                  from [01m[K/opt/ros/humble/include/rclcpp/rclcpp/executor_options.hpp:20[m[K,
[5.970s]                  from [01m[K/opt/ros/humble/include/rclcpp/rclcpp/executor.hpp:37[m[K,
[5.970s]                  from [01m[K/opt/ros/humble/include/rclcpp/rclcpp/executors/multi_threaded_executor.hpp:25[m[K,
[5.970s]                  from [01m[K/opt/ros/humble/include/rclcpp/rclcpp/executors.hpp:21[m[K,
[5.970s]                  from [01m[K/opt/ros/humble/include/rclcpp/rclcpp/rclcpp.hpp:155[m[K,
[5.970s]                  from [01m[K/home/duel/ros2/src/cpp_pubsub/src/publisher_member_function.cpp:5[m[K:
[5.970s] [01m[K/home/duel/ros2/src/cpp_pubsub/src/publisher_member_function.cpp:[m[K In member function â€˜[01m[Kvoid MinimalPublisher::timer_callback()[m[Kâ€™:
[5.970s] [01m[K/home/duel/ros2/src/cpp_pubsub/src/publisher_member_function.cpp:31:21:[m[K [01;31m[Kerror: [m[Kâ€˜[01m[Kclass MinimalPublisher[m[Kâ€™ has no member named â€˜[01m[Kgetlogger[m[Kâ€™; did you mean â€˜[01m[Kget_logger[m[Kâ€™?
[5.970s]    31 |   RCLCPP_INFO(this->[01;31m[Kgetlogger[m[K(), "Publishing: '%s'", message.data.c_str());
[5.970s]       |                     [01;31m[K^~~~~~~~~[m[K
[5.970s] [01m[K/home/duel/ros2/src/cpp_pubsub/src/publisher_member_function.cpp:31:21:[m[K [01;31m[Kerror: [m[Kâ€˜[01m[Kclass MinimalPublisher[m[Kâ€™ has no member named â€˜[01m[Kgetlogger[m[Kâ€™; did you mean â€˜[01m[Kget_logger[m[Kâ€™?
[5.970s] [01m[K/home/duel/ros2/src/cpp_pubsub/src/publisher_member_function.cpp:31:3:[m[K [01;31m[Kerror: [m[Ktemplate argument 1 is invalid
[5.970s]    31 |   [01;31m[KRCLCPP_INFO[m[K(this->getlogger(), "Publishing: '%s'", message.data.c_str());
[5.970s]       |   [01;31m[K^~~~~~~~~~~[m[K
[5.971s] [01m[K/home/duel/ros2/src/cpp_pubsub/src/publisher_member_function.cpp:31:3:[m[K [01;31m[Kerror: [m[Ktemplate argument 1 is invalid
[5.971s]    31 |   [01;31m[KRCLCPP_INFO[m[K(this->getlogger(), "Publishing: '%s'", message.data.c_str());
[5.971s]       |   [01;31m[K^~~~~~~~~~~[m[K
[5.971s] [01m[K/home/duel/ros2/src/cpp_pubsub/src/publisher_member_function.cpp:31:3:[m[K [01;31m[Kerror: [m[Ktemplate argument 1 is invalid
[5.971s]    31 |   [01;31m[KRCLCPP_INFO[m[K(this->getlogger(), "Publishing: '%s'", message.data.c_str());
[5.971s]       |   [01;31m[K^~~~~~~~~~~[m[K
[5.971s] In file included from [01m[K/opt/ros/humble/include/rclcpp/rclcpp/logging.hpp:24[m[K,
[5.971s]                  from [01m[K/opt/ros/humble/include/rclcpp/rclcpp/client.hpp:40[m[K,
[5.971s]                  from [01m[K/opt/ros/humble/include/rclcpp/rclcpp/callback_group.hpp:24[m[K,
[5.971s]                  from [01m[K/opt/ros/humble/include/rclcpp/rclcpp/any_executable.hpp:20[m[K,
[5.971s]                  from [01m[K/opt/ros/humble/include/rclcpp/rclcpp/memory_strategy.hpp:25[m[K,
[5.971s]                  from [01m[K/opt/ros/humble/include/rclcpp/rclcpp/memory_strategies.hpp:18[m[K,
[5.971s]                  from [01m[K/opt/ros/humble/include/rclcpp/rclcpp/executor_options.hpp:20[m[K,
[5.971s]                  from [01m[K/opt/ros/humble/include/rclcpp/rclcpp/executor.hpp:37[m[K,
[5.971s]                  from [01m[K/opt/ros/humble/include/rclcpp/rclcpp/executors/multi_threaded_executor.hpp:25[m[K,
[5.971s]                  from [01m[K/opt/ros/humble/include/rclcpp/rclcpp/executors.hpp:21[m[K,
[5.971s]                  from [01m[K/opt/ros/humble/include/rclcpp/rclcpp/rclcpp.hpp:155[m[K,
[5.971s]                  from [01m[K/home/duel/ros2/src/cpp_pubsub/src/publisher_member_function.cpp:5[m[K:
[5.971s] [01m[K/home/duel/ros2/src/cpp_pubsub/src/publisher_member_function.cpp:31:21:[m[K [01;31m[Kerror: [m[Kâ€˜[01m[Kclass MinimalPublisher[m[Kâ€™ has no member named â€˜[01m[Kgetlogger[m[Kâ€™; did you mean â€˜[01m[Kget_logger[m[Kâ€™?
[5.971s]    31 |   RCLCPP_INFO(this->[01;31m[Kgetlogger[m[K(), "Publishing: '%s'", message.data.c_str());
[5.971s]       |                     [01;31m[K^~~~~~~~~[m[K
[5.971s] [01m[K/home/duel/ros2/src/cpp_pubsub/src/publisher_member_function.cpp:31:21:[m[K [01;31m[Kerror: [m[Kâ€˜[01m[Kclass MinimalPublisher[m[Kâ€™ has no member named â€˜[01m[Kgetlogger[m[Kâ€™; did you mean â€˜[01m[Kget_logger[m[Kâ€™?
[5.971s]    31 |   RCLCPP_INFO(this->[01;31m[Kgetlogger[m[K(), "Publishing: '%s'", message.data.c_str());
[5.971s]       |                     [01;31m[K^~~~~~~~~[m[K
[6.581s] gmake[2]: *** [CMakeFiles/talker.dir/build.make:76: CMakeFiles/talker.dir/src/publisher_member_function.cpp.o] Error 1
[6.581s] gmake[1]: *** [CMakeFiles/Makefile2:137: CMakeFiles/talker.dir/all] Error 2
[6.582s] gmake: *** [Makefile:146: all] Error 2
[6.585s] Invoked command in '/home/duel/ros2/build/cpp_pubsub' returned '2': CMAKE_PREFIX_PATH=${CMAKE_PREFIX_PATH}:/opt/ros/humble /usr/bin/cmake --build /home/duel/ros2/build/cpp_pubsub -- -j12 -l12
