-- Found ament_cmake: 1.3.11 (/opt/ros/humble/share/ament_cmake/cmake)
-- Found rclcpp: 16.0.11 (/opt/ros/humble/share/rclcpp/cmake)
-- Found rosidl_generator_c: 3.1.6 (/opt/ros/humble/share/rosidl_generator_c/cmake)
-- Found rosidl_adapter: 3.1.6 (/opt/ros/humble/share/rosidl_adapter/cmake)
-- Found rosidl_generator_cpp: 3.1.6 (/opt/ros/humble/share/rosidl_generator_cpp/cmake)
-- Using all available rosidl_typesupport_c: rosidl_typesupport_fastrtps_c;rosidl_typesupport_introspection_c
-- Using all available rosidl_typesupport_cpp: rosidl_typesupport_fastrtps_cpp;rosidl_typesupport_introspection_cpp
-- Found rmw_implementation_cmake: 6.1.2 (/opt/ros/humble/share/rmw_implementation_cmake/cmake)
-- Found rmw_fastrtps_cpp: 6.2.7 (/opt/ros/humble/share/rmw_fastrtps_cpp/cmake)
-- Using RMW implementation 'rmw_fastrtps_cpp' as default
-- Found example_interfaces: 0.9.3 (/opt/ros/humble/share/example_interfaces/cmake)
-- Found ament_lint_auto: 0.12.11 (/opt/ros/humble/share/ament_lint_auto/cmake)
-- Added test 'cppcheck' to perform static code analysis on C / C++ code
-- Configured cppcheck include dirs: 
-- Configured cppcheck exclude dirs and/or files: 
-- Added test 'lint_cmake' to check CMake code style
-- Added test 'uncrustify' to check C / C++ code style
-- Configured uncrustify additional arguments: 
-- Added test 'xmllint' to check XML markup files
-- Configuring done
-- Generating done
-- Build files have been written to: /home/duel/ros2/build/cpp_srvcli
[ 25%] [32mBuilding CXX object CMakeFiles/client.dir/src/add_two_ints_client.cpp.o[0m
[35m[1mConsolidate compiler generated dependencies of target server[0m
[ 75%] Built target server
[01m[K/home/duel/ros2/src/cpp_srvcli/src/add_two_ints_client.cpp:[m[K In function â€˜[01m[Kint main(int, char**)[m[Kâ€™:
[01m[K/home/duel/ros2/src/cpp_srvcli/src/add_two_ints_client.cpp:33:25:[m[K [01;31m[Kerror: [m[Kâ€˜[01m[Kusing element_type = class rclcpp::Client<example_interfaces::srv::AddTwoInts>[m[Kâ€™ {aka â€˜[01m[Kclass rclcpp::Client<example_interfaces::srv::AddTwoInts>[m[Kâ€™} has no member named â€˜[01m[Kassync_send_request[m[Kâ€™; did you mean â€˜[01m[Kasync_send_request[m[Kâ€™?
   33 |   auto result = client->[01;31m[Kassync_send_request[m[K(request);
      |                         [01;31m[K^~~~~~~~~~~~~~~~~~~[m[K
      |                         [32m[Kasync_send_request[m[K
[01m[K/home/duel/ros2/src/cpp_srvcli/src/add_two_ints_client.cpp:34:12:[m[K [01;31m[Kerror: [m[Kfound â€˜[01m[K:[m[Kâ€™ in nested-name-specifier, expected â€˜[01m[K::[m[Kâ€™
   34 |   if(rclcpp[01;31m[K:[m[Kspin_util_future_complete(node, result) == rclcpp::FuturReturnCode::SUCCESS){
      |            [01;31m[K^[m[K
      |            [32m[K::[m[K
[01m[K/home/duel/ros2/src/cpp_srvcli/src/add_two_ints_client.cpp:34:13:[m[K [01;31m[Kerror: [m[Kâ€˜[01m[Kspin_util_future_complete[m[Kâ€™ is not a member of â€˜[01m[Krclcpp[m[Kâ€™; did you mean â€˜[01m[Kspin_until_future_complete[m[Kâ€™?
   34 |   if(rclcpp:[01;31m[Kspin_util_future_complete[m[K(node, result) == rclcpp::FuturReturnCode::SUCCESS){
      |             [01;31m[K^~~~~~~~~~~~~~~~~~~~~~~~~[m[K
      |             [32m[Kspin_until_future_complete[m[K
[01m[K/home/duel/ros2/src/cpp_srvcli/src/add_two_ints_client.cpp:34:64:[m[K [01;31m[Kerror: [m[Kâ€˜[01m[Krclcpp::FuturReturnCode[m[Kâ€™ has not been declared
   34 |   if(rclcpp:spin_util_future_complete(node, result) == rclcpp::[01;31m[KFuturReturnCode[m[K::SUCCESS){
      |                                                                [01;31m[K^~~~~~~~~~~~~~~[m[K
gmake[2]: *** [CMakeFiles/client.dir/build.make:76: CMakeFiles/client.dir/src/add_two_ints_client.cpp.o] Error 1
gmake[1]: *** [CMakeFiles/Makefile2:165: CMakeFiles/client.dir/all] Error 2
gmake: *** [Makefile:146: all] Error 2
