[35m[1mConsolidate compiler generated dependencies of target listener[0m
[ 50%] Built target talker
[ 75%] [32mBuilding CXX object CMakeFiles/listener.dir/src/subscriber_member_function.cpp.o[0m
[01m[K/home/duel/ros2/src/cpp_pubsub/src/subscriber_member_function.cpp:9:48:[m[K [01;31m[Kerror: [m[Kâ€˜[01m[KSharedPrt[m[Kâ€™ in â€˜[01m[Kclass rclcpp::Subscription<std_msgs::msg::String_<std::allocator<void> > >[m[Kâ€™ does not name a type
    9 |   rclcpp::Subscription<std_msgs::msg::String>::[01;31m[KSharedPrt[m[K subscription_;
      |                                                [01;31m[K^~~~~~~~~[m[K
[01m[K/home/duel/ros2/src/cpp_pubsub/src/subscriber_member_function.cpp:[m[K In constructor â€˜[01m[KMinimalSubscriber::MinimalSubscriber()[m[Kâ€™:
[01m[K/home/duel/ros2/src/cpp_pubsub/src/subscriber_member_function.cpp:13:11:[m[K [01;31m[Kerror: [m[Kâ€˜[01m[Kclass MinimalSubscriber[m[Kâ€™ has no member named â€˜[01m[Ksubscription_[m[Kâ€™
   13 |     this->[01;31m[Ksubscription_[m[K = this->create_subscription<std_msgs::msg::String>("topic", 10, std::bind(&MinimalSubscriber::topic_callback, this, _1));
      |           [01;31m[K^~~~~~~~~~~~~[m[K
[01m[K/home/duel/ros2/src/cpp_pubsub/src/subscriber_member_function.cpp:[m[K At global scope:
[01m[K/home/duel/ros2/src/cpp_pubsub/src/subscriber_member_function.cpp:17:6:[m[K [01;31m[Kerror: [m[Kâ€˜[01m[KMinimalSubcriber[m[Kâ€™ has not been declared
   17 | void [01;31m[KMinimalSubcriber[m[K::topic_callback(const std_msgs::msg::String &msg) const {
      |      [01;31m[K^~~~~~~~~~~~~~~~[m[K
[01m[K/home/duel/ros2/src/cpp_pubsub/src/subscriber_member_function.cpp:17:73:[m[K [01;31m[Kerror: [m[Knon-member function â€˜[01m[Kvoid topic_callback(const String&)[m[Kâ€™ cannot have cv-qualifier
   17 | void MinimalSubcriber::topic_callback(const std_msgs::msg::String &msg) [01;31m[Kconst[m[K {
      |                                                                         [01;31m[K^~~~~[m[K
In file included from [01m[K/opt/ros/humble/include/rclcpp/rclcpp/client.hpp:40[m[K,
                 from [01m[K/opt/ros/humble/include/rclcpp/rclcpp/callback_group.hpp:24[m[K,
                 from [01m[K/opt/ros/humble/include/rclcpp/rclcpp/any_executable.hpp:20[m[K,
                 from [01m[K/opt/ros/humble/include/rclcpp/rclcpp/memory_strategy.hpp:25[m[K,
                 from [01m[K/opt/ros/humble/include/rclcpp/rclcpp/memory_strategies.hpp:18[m[K,
                 from [01m[K/opt/ros/humble/include/rclcpp/rclcpp/executor_options.hpp:20[m[K,
                 from [01m[K/opt/ros/humble/include/rclcpp/rclcpp/executor.hpp:37[m[K,
                 from [01m[K/opt/ros/humble/include/rclcpp/rclcpp/executors/multi_threaded_executor.hpp:25[m[K,
                 from [01m[K/opt/ros/humble/include/rclcpp/rclcpp/executors.hpp:21[m[K,
                 from [01m[K/opt/ros/humble/include/rclcpp/rclcpp/rclcpp.hpp:155[m[K,
                 from [01m[K/home/duel/ros2/src/cpp_pubsub/src/subscriber_member_function.cpp:2[m[K:
[01m[K/home/duel/ros2/src/cpp_pubsub/src/subscriber_member_function.cpp:[m[K In function â€˜[01m[Kvoid topic_callback(const String&)[m[Kâ€™:
[01m[K/home/duel/ros2/src/cpp_pubsub/src/subscriber_member_function.cpp:18:15:[m[K [01;31m[Kerror: [m[Kinvalid use of â€˜[01m[Kthis[m[Kâ€™ in non-member function
   18 |   RCLCPP_INFO([01;31m[Kthis[m[K->get_logger(), "I heard: '%s'", msg.data.c_str());
      |               [01;31m[K^~~~[m[K
[01m[K/home/duel/ros2/src/cpp_pubsub/src/subscriber_member_function.cpp:18:15:[m[K [01;31m[Kerror: [m[Kinvalid use of â€˜[01m[Kthis[m[Kâ€™ in non-member function
[01m[K/home/duel/ros2/src/cpp_pubsub/src/subscriber_member_function.cpp:18:3:[m[K [01;31m[Kerror: [m[Ktemplate argument 1 is invalid
   18 |   [01;31m[KRCLCPP_INFO[m[K(this->get_logger(), "I heard: '%s'", msg.data.c_str());
      |   [01;31m[K^~~~~~~~~~~[m[K
[01m[K/home/duel/ros2/src/cpp_pubsub/src/subscriber_member_function.cpp:18:3:[m[K [01;31m[Kerror: [m[Ktemplate argument 1 is invalid
   18 |   [01;31m[KRCLCPP_INFO[m[K(this->get_logger(), "I heard: '%s'", msg.data.c_str());
      |   [01;31m[K^~~~~~~~~~~[m[K
[01m[K/home/duel/ros2/src/cpp_pubsub/src/subscriber_member_function.cpp:18:3:[m[K [01;31m[Kerror: [m[Ktemplate argument 1 is invalid
   18 |   [01;31m[KRCLCPP_INFO[m[K(this->get_logger(), "I heard: '%s'", msg.data.c_str());
      |   [01;31m[K^~~~~~~~~~~[m[K
In file included from [01m[K/opt/ros/humble/include/rclcpp/rclcpp/logging.hpp:24[m[K,
                 from [01m[K/opt/ros/humble/include/rclcpp/rclcpp/client.hpp:40[m[K,
                 from [01m[K/opt/ros/humble/include/rclcpp/rclcpp/callback_group.hpp:24[m[K,
                 from [01m[K/opt/ros/humble/include/rclcpp/rclcpp/any_executable.hpp:20[m[K,
                 from [01m[K/opt/ros/humble/include/rclcpp/rclcpp/memory_strategy.hpp:25[m[K,
                 from [01m[K/opt/ros/humble/include/rclcpp/rclcpp/memory_strategies.hpp:18[m[K,
                 from [01m[K/opt/ros/humble/include/rclcpp/rclcpp/executor_options.hpp:20[m[K,
                 from [01m[K/opt/ros/humble/include/rclcpp/rclcpp/executor.hpp:37[m[K,
                 from [01m[K/opt/ros/humble/include/rclcpp/rclcpp/executors/multi_threaded_executor.hpp:25[m[K,
                 from [01m[K/opt/ros/humble/include/rclcpp/rclcpp/executors.hpp:21[m[K,
                 from [01m[K/opt/ros/humble/include/rclcpp/rclcpp/rclcpp.hpp:155[m[K,
                 from [01m[K/home/duel/ros2/src/cpp_pubsub/src/subscriber_member_function.cpp:2[m[K:
[01m[K/home/duel/ros2/src/cpp_pubsub/src/subscriber_member_function.cpp:18:15:[m[K [01;31m[Kerror: [m[Kinvalid use of â€˜[01m[Kthis[m[Kâ€™ in non-member function
   18 |   RCLCPP_INFO([01;31m[Kthis[m[K->get_logger(), "I heard: '%s'", msg.data.c_str());
      |               [01;31m[K^~~~[m[K
[01m[K/home/duel/ros2/src/cpp_pubsub/src/subscriber_member_function.cpp:18:15:[m[K [01;31m[Kerror: [m[Kinvalid use of â€˜[01m[Kthis[m[Kâ€™ in non-member function
   18 |   RCLCPP_INFO([01;31m[Kthis[m[K->get_logger(), "I heard: '%s'", msg.data.c_str());
      |               [01;31m[K^~~~[m[K
gmake[2]: *** [CMakeFiles/listener.dir/build.make:76: CMakeFiles/listener.dir/src/subscriber_member_function.cpp.o] Error 1
gmake[1]: *** [CMakeFiles/Makefile2:165: CMakeFiles/listener.dir/all] Error 2
gmake: *** [Makefile:146: all] Error 2
